01/08/2017 20:58:50 Debug ** 

************************* Start SIRME *************************
01/08/2017 20:58:59 Debug ** Connection BD SUCESS
01/08/2017 21:00:55 Debug ** 

************************* Start SIRME *************************
01/08/2017 21:00:57 Debug ** Connection BD SUCESS
01/08/2017 21:01:00 Error ** javafx.fxml.LoadException: 
/C:/Users/felip/Google%20Drive/Ideias/Sistema%20Cadastro%20Convidas/projeto/ConvidasFrontEnd/bin/front/xml/contact/consultContact.fxml

	at javafx.fxml.FXMLLoader.constructLoadException(FXMLLoader.java:2601)
	at javafx.fxml.FXMLLoader.loadImpl(FXMLLoader.java:2579)
	at javafx.fxml.FXMLLoader.loadImpl(FXMLLoader.java:2441)
	at javafx.fxml.FXMLLoader.load(FXMLLoader.java:2409)
	at br.convidas.front.contact.TelaContacts.start(TelaContacts.java:23)
	at br.convidas.front.main.controller.ControllerMain.clickButtonContact(ControllerMain.java:13)
	at sun.reflect.NativeMethodAccessorImpl.invoke0(Native Method)
	at sun.reflect.NativeMethodAccessorImpl.invoke(Unknown Source)
	at sun.reflect.DelegatingMethodAccessorImpl.invoke(Unknown Source)
	at java.lang.reflect.Method.invoke(Unknown Source)
	at sun.reflect.misc.Trampoline.invoke(Unknown Source)
	at sun.reflect.GeneratedMethodAccessor1.invoke(Unknown Source)
	at sun.reflect.DelegatingMethodAccessorImpl.invoke(Unknown Source)
	at java.lang.reflect.Method.invoke(Unknown Source)
	at sun.reflect.misc.MethodUtil.invoke(Unknown Source)
	at javafx.fxml.FXMLLoader$MethodHandler.invoke(FXMLLoader.java:1771)
	at javafx.fxml.FXMLLoader$ControllerMethodEventHandler.handle(FXMLLoader.java:1657)
	at com.sun.javafx.event.CompositeEventHandler.dispatchBubblingEvent(CompositeEventHandler.java:86)
	at com.sun.javafx.event.EventHandlerManager.dispatchBubblingEvent(EventHandlerManager.java:238)
	at com.sun.javafx.event.EventHandlerManager.dispatchBubblingEvent(EventHandlerManager.java:191)
	at com.sun.javafx.event.CompositeEventDispatcher.dispatchBubblingEvent(CompositeEventDispatcher.java:59)
	at com.sun.javafx.event.BasicEventDispatcher.dispatchEvent(BasicEventDispatcher.java:58)
	at com.sun.javafx.event.EventDispatchChainImpl.dispatchEvent(EventDispatchChainImpl.java:114)
	at com.sun.javafx.event.BasicEventDispatcher.dispatchEvent(BasicEventDispatcher.java:56)
	at com.sun.javafx.event.EventDispatchChainImpl.dispatchEvent(EventDispatchChainImpl.java:114)
	at com.sun.javafx.event.BasicEventDispatcher.dispatchEvent(BasicEventDispatcher.java:56)
	at com.sun.javafx.event.EventDispatchChainImpl.dispatchEvent(EventDispatchChainImpl.java:114)
	at com.sun.javafx.event.EventUtil.fireEventImpl(EventUtil.java:74)
	at com.sun.javafx.event.EventUtil.fireEvent(EventUtil.java:54)
	at javafx.event.Event.fireEvent(Event.java:198)
	at javafx.scene.Scene$ClickGenerator.postProcess(Scene.java:3470)
	at javafx.scene.Scene$ClickGenerator.access$8100(Scene.java:3398)
	at javafx.scene.Scene$MouseHandler.process(Scene.java:3766)
	at javafx.scene.Scene$MouseHandler.access$1500(Scene.java:3485)
	at javafx.scene.Scene.impl_processMouseEvent(Scene.java:1762)
	at javafx.scene.Scene$ScenePeerListener.mouseEvent(Scene.java:2494)
	at com.sun.javafx.tk.quantum.GlassViewEventHandler$MouseEventNotification.run(GlassViewEventHandler.java:381)
	at com.sun.javafx.tk.quantum.GlassViewEventHandler$MouseEventNotification.run(GlassViewEventHandler.java:295)
	at java.security.AccessController.doPrivileged(Native Method)
	at com.sun.javafx.tk.quantum.GlassViewEventHandler.lambda$handleMouseEvent$354(GlassViewEventHandler.java:417)
	at com.sun.javafx.tk.quantum.QuantumToolkit.runWithoutRenderLock(QuantumToolkit.java:389)
	at com.sun.javafx.tk.quantum.GlassViewEventHandler.handleMouseEvent(GlassViewEventHandler.java:416)
	at com.sun.glass.ui.View.handleMouseEvent(View.java:555)
	at com.sun.glass.ui.View.notifyMouse(View.java:937)
	at com.sun.glass.ui.win.WinApplication._runLoop(Native Method)
	at com.sun.glass.ui.win.WinApplication.lambda$null$148(WinApplication.java:191)
	at java.lang.Thread.run(Unknown Source)
Caused by: java.lang.NullPointerException
	at br.convidas.front.contact.controller.ControllerContacts.initialize(ControllerContacts.java:62)
	at javafx.fxml.FXMLLoader.loadImpl(FXMLLoader.java:2548)
	... 45 more

01/08/2017 21:02:08 Debug ** 

************************* Start SIRME *************************
01/08/2017 21:02:10 Debug ** Connection BD SUCESS
01/08/2017 21:02:53 Debug ** 

************************* Start SIRME *************************
01/08/2017 21:02:56 Debug ** Connection BD SUCESS
01/08/2017 21:15:29 Debug ** 

************************* Start SIRME *************************
01/08/2017 21:15:33 Debug ** Connection BD SUCESS
01/08/2017 21:16:05 Debug ** 

************************* Start SIRME *************************
01/08/2017 21:16:08 Debug ** Connection BD SUCESS
