30/07/2017 15:12:15 Debug ** 

************************* Start SIRME *************************
30/07/2017 15:12:15 Debug ** Connection BD SUCESS
30/07/2017 15:12:40 Debug ** 

************************* Start SIRME *************************
30/07/2017 15:12:41 Debug ** Connection BD SUCESS
30/07/2017 15:14:01 Debug ** 

************************* Start SIRME *************************
30/07/2017 15:14:02 Debug ** Connection BD SUCESS
30/07/2017 15:16:50 Debug ** 

************************* Start SIRME *************************
30/07/2017 15:16:51 Debug ** Connection BD SUCESS
30/07/2017 15:20:05 Debug ** 

************************* Start SIRME *************************
30/07/2017 15:20:06 Debug ** Connection BD SUCESS
30/07/2017 15:20:53 Debug ** 

************************* Start SIRME *************************
30/07/2017 15:20:54 Debug ** Connection BD SUCESS
30/07/2017 15:21:28 Debug ** 

************************* Start SIRME *************************
30/07/2017 15:21:30 Debug ** Connection BD SUCESS
30/07/2017 15:22:58 Debug ** 

************************* Start SIRME *************************
30/07/2017 15:23:01 Debug ** Connection BD SUCESS
30/07/2017 15:25:12 Debug ** 

************************* Start SIRME *************************
30/07/2017 15:25:14 Debug ** Connection BD SUCESS
30/07/2017 18:50:58 Debug ** 

************************* Start SIRME *************************
30/07/2017 18:51:00 Debug ** Connection BD SUCESS
30/07/2017 18:51:03 Error ** javafx.fxml.LoadException: Error resolving onMouseClicked='#clickButtonInit', either the event handler is not in the Namespace or there is an error in the script.
/C:/Users/felip/Google%20Drive/Ideias/Sistema%20Cadastro%20Convidas/projeto/ConvidasFrontEnd/bin/front/xml/contact/consultContact.fxml:56

	at javafx.fxml.FXMLLoader.constructLoadException(FXMLLoader.java:2597)
	at javafx.fxml.FXMLLoader.access$100(FXMLLoader.java:103)
	at javafx.fxml.FXMLLoader$Element.processEventHandlerAttributes(FXMLLoader.java:610)
	at javafx.fxml.FXMLLoader$ValueElement.processEndElement(FXMLLoader.java:770)
	at javafx.fxml.FXMLLoader.processEndElement(FXMLLoader.java:2823)
	at javafx.fxml.FXMLLoader.loadImpl(FXMLLoader.java:2532)
	at javafx.fxml.FXMLLoader.loadImpl(FXMLLoader.java:2441)
	at javafx.fxml.FXMLLoader.load(FXMLLoader.java:2409)
	at br.convidas.front.contact.TelaContacts.start(TelaContacts.java:22)
	at br.convidas.front.main.controller.ControllerMain.clickButtonContact(ControllerMain.java:13)
	at sun.reflect.NativeMethodAccessorImpl.invoke0(Native Method)
	at sun.reflect.NativeMethodAccessorImpl.invoke(Unknown Source)
	at sun.reflect.DelegatingMethodAccessorImpl.invoke(Unknown Source)
	at java.lang.reflect.Method.invoke(Unknown Source)
	at sun.reflect.misc.Trampoline.invoke(Unknown Source)
	at sun.reflect.GeneratedMethodAccessor1.invoke(Unknown Source)
	at sun.reflect.DelegatingMethodAccessorImpl.invoke(Unknown Source)
	at java.lang.reflect.Method.invoke(Unknown Source)
	at sun.reflect.misc.MethodUtil.invoke(Unknown Source)
	at javafx.fxml.FXMLLoader$MethodHandler.invoke(FXMLLoader.java:1771)
	at javafx.fxml.FXMLLoader$ControllerMethodEventHandler.handle(FXMLLoader.java:1657)
	at com.sun.javafx.event.CompositeEventHandler.dispatchBubblingEvent(CompositeEventHandler.java:86)
	at com.sun.javafx.event.EventHandlerManager.dispatchBubblingEvent(EventHandlerManager.java:238)
	at com.sun.javafx.event.EventHandlerManager.dispatchBubblingEvent(EventHandlerManager.java:191)
	at com.sun.javafx.event.CompositeEventDispatcher.dispatchBubblingEvent(CompositeEventDispatcher.java:59)
	at com.sun.javafx.event.BasicEventDispatcher.dispatchEvent(BasicEventDispatcher.java:58)
	at com.sun.javafx.event.EventDispatchChainImpl.dispatchEvent(EventDispatchChainImpl.java:114)
	at com.sun.javafx.event.BasicEventDispatcher.dispatchEvent(BasicEventDispatcher.java:56)
	at com.sun.javafx.event.EventDispatchChainImpl.dispatchEvent(EventDispatchChainImpl.java:114)
	at com.sun.javafx.event.BasicEventDispatcher.dispatchEvent(BasicEventDispatcher.java:56)
	at com.sun.javafx.event.EventDispatchChainImpl.dispatchEvent(EventDispatchChainImpl.java:114)
	at com.sun.javafx.event.EventUtil.fireEventImpl(EventUtil.java:74)
	at com.sun.javafx.event.EventUtil.fireEvent(EventUtil.java:54)
	at javafx.event.Event.fireEvent(Event.java:198)
	at javafx.scene.Scene$ClickGenerator.postProcess(Scene.java:3470)
	at javafx.scene.Scene$ClickGenerator.access$8100(Scene.java:3398)
	at javafx.scene.Scene$MouseHandler.process(Scene.java:3766)
	at javafx.scene.Scene$MouseHandler.access$1500(Scene.java:3485)
	at javafx.scene.Scene.impl_processMouseEvent(Scene.java:1762)
	at javafx.scene.Scene$ScenePeerListener.mouseEvent(Scene.java:2494)
	at com.sun.javafx.tk.quantum.GlassViewEventHandler$MouseEventNotification.run(GlassViewEventHandler.java:381)
	at com.sun.javafx.tk.quantum.GlassViewEventHandler$MouseEventNotification.run(GlassViewEventHandler.java:295)
	at java.security.AccessController.doPrivileged(Native Method)
	at com.sun.javafx.tk.quantum.GlassViewEventHandler.lambda$handleMouseEvent$354(GlassViewEventHandler.java:417)
	at com.sun.javafx.tk.quantum.QuantumToolkit.runWithoutRenderLock(QuantumToolkit.java:389)
	at com.sun.javafx.tk.quantum.GlassViewEventHandler.handleMouseEvent(GlassViewEventHandler.java:416)
	at com.sun.glass.ui.View.handleMouseEvent(View.java:555)
	at com.sun.glass.ui.View.notifyMouse(View.java:937)
	at com.sun.glass.ui.win.WinApplication._runLoop(Native Method)
	at com.sun.glass.ui.win.WinApplication.lambda$null$148(WinApplication.java:191)
	at java.lang.Thread.run(Unknown Source)

30/07/2017 18:53:03 Debug ** 

************************* Start SIRME *************************
30/07/2017 18:53:06 Debug ** Connection BD SUCESS
30/07/2017 18:53:07 Error ** javafx.fxml.LoadException: Error resolving onMouseClicked='#clickButtonInit', either the event handler is not in the Namespace or there is an error in the script.
/C:/Users/felip/Google%20Drive/Ideias/Sistema%20Cadastro%20Convidas/projeto/ConvidasFrontEnd/bin/front/xml/contact/consultContact.fxml:56

	at javafx.fxml.FXMLLoader.constructLoadException(FXMLLoader.java:2597)
	at javafx.fxml.FXMLLoader.access$100(FXMLLoader.java:103)
	at javafx.fxml.FXMLLoader$Element.processEventHandlerAttributes(FXMLLoader.java:610)
	at javafx.fxml.FXMLLoader$ValueElement.processEndElement(FXMLLoader.java:770)
	at javafx.fxml.FXMLLoader.processEndElement(FXMLLoader.java:2823)
	at javafx.fxml.FXMLLoader.loadImpl(FXMLLoader.java:2532)
	at javafx.fxml.FXMLLoader.loadImpl(FXMLLoader.java:2441)
	at javafx.fxml.FXMLLoader.load(FXMLLoader.java:2409)
	at br.convidas.front.contact.TelaContacts.start(TelaContacts.java:22)
	at br.convidas.front.main.controller.ControllerMain.clickButtonContact(ControllerMain.java:13)
	at sun.reflect.NativeMethodAccessorImpl.invoke0(Native Method)
	at sun.reflect.NativeMethodAccessorImpl.invoke(Unknown Source)
	at sun.reflect.DelegatingMethodAccessorImpl.invoke(Unknown Source)
	at java.lang.reflect.Method.invoke(Unknown Source)
	at sun.reflect.misc.Trampoline.invoke(Unknown Source)
	at sun.reflect.GeneratedMethodAccessor1.invoke(Unknown Source)
	at sun.reflect.DelegatingMethodAccessorImpl.invoke(Unknown Source)
	at java.lang.reflect.Method.invoke(Unknown Source)
	at sun.reflect.misc.MethodUtil.invoke(Unknown Source)
	at javafx.fxml.FXMLLoader$MethodHandler.invoke(FXMLLoader.java:1771)
	at javafx.fxml.FXMLLoader$ControllerMethodEventHandler.handle(FXMLLoader.java:1657)
	at com.sun.javafx.event.CompositeEventHandler.dispatchBubblingEvent(CompositeEventHandler.java:86)
	at com.sun.javafx.event.EventHandlerManager.dispatchBubblingEvent(EventHandlerManager.java:238)
	at com.sun.javafx.event.EventHandlerManager.dispatchBubblingEvent(EventHandlerManager.java:191)
	at com.sun.javafx.event.CompositeEventDispatcher.dispatchBubblingEvent(CompositeEventDispatcher.java:59)
	at com.sun.javafx.event.BasicEventDispatcher.dispatchEvent(BasicEventDispatcher.java:58)
	at com.sun.javafx.event.EventDispatchChainImpl.dispatchEvent(EventDispatchChainImpl.java:114)
	at com.sun.javafx.event.BasicEventDispatcher.dispatchEvent(BasicEventDispatcher.java:56)
	at com.sun.javafx.event.EventDispatchChainImpl.dispatchEvent(EventDispatchChainImpl.java:114)
	at com.sun.javafx.event.BasicEventDispatcher.dispatchEvent(BasicEventDispatcher.java:56)
	at com.sun.javafx.event.EventDispatchChainImpl.dispatchEvent(EventDispatchChainImpl.java:114)
	at com.sun.javafx.event.EventUtil.fireEventImpl(EventUtil.java:74)
	at com.sun.javafx.event.EventUtil.fireEvent(EventUtil.java:54)
	at javafx.event.Event.fireEvent(Event.java:198)
	at javafx.scene.Scene$ClickGenerator.postProcess(Scene.java:3470)
	at javafx.scene.Scene$ClickGenerator.access$8100(Scene.java:3398)
	at javafx.scene.Scene$MouseHandler.process(Scene.java:3766)
	at javafx.scene.Scene$MouseHandler.access$1500(Scene.java:3485)
	at javafx.scene.Scene.impl_processMouseEvent(Scene.java:1762)
	at javafx.scene.Scene$ScenePeerListener.mouseEvent(Scene.java:2494)
	at com.sun.javafx.tk.quantum.GlassViewEventHandler$MouseEventNotification.run(GlassViewEventHandler.java:381)
	at com.sun.javafx.tk.quantum.GlassViewEventHandler$MouseEventNotification.run(GlassViewEventHandler.java:295)
	at java.security.AccessController.doPrivileged(Native Method)
	at com.sun.javafx.tk.quantum.GlassViewEventHandler.lambda$handleMouseEvent$354(GlassViewEventHandler.java:417)
	at com.sun.javafx.tk.quantum.QuantumToolkit.runWithoutRenderLock(QuantumToolkit.java:389)
	at com.sun.javafx.tk.quantum.GlassViewEventHandler.handleMouseEvent(GlassViewEventHandler.java:416)
	at com.sun.glass.ui.View.handleMouseEvent(View.java:555)
	at com.sun.glass.ui.View.notifyMouse(View.java:937)
	at com.sun.glass.ui.win.WinApplication._runLoop(Native Method)
	at com.sun.glass.ui.win.WinApplication.lambda$null$148(WinApplication.java:191)
	at java.lang.Thread.run(Unknown Source)

30/07/2017 18:54:23 Debug ** 

************************* Start SIRME *************************
30/07/2017 18:54:25 Debug ** Connection BD SUCESS
30/07/2017 18:54:27 Error ** javafx.fxml.LoadException: 
/C:/Users/felip/Google%20Drive/Ideias/Sistema%20Cadastro%20Convidas/projeto/ConvidasFrontEnd/bin/front/xml/contact/consultContact.fxml:108

	at javafx.fxml.FXMLLoader.constructLoadException(FXMLLoader.java:2601)
	at javafx.fxml.FXMLLoader.loadImpl(FXMLLoader.java:2579)
	at javafx.fxml.FXMLLoader.loadImpl(FXMLLoader.java:2441)
	at javafx.fxml.FXMLLoader.load(FXMLLoader.java:2409)
	at br.convidas.front.contact.TelaContacts.start(TelaContacts.java:22)
	at br.convidas.front.main.controller.ControllerMain.clickButtonContact(ControllerMain.java:13)
	at sun.reflect.NativeMethodAccessorImpl.invoke0(Native Method)
	at sun.reflect.NativeMethodAccessorImpl.invoke(Unknown Source)
	at sun.reflect.DelegatingMethodAccessorImpl.invoke(Unknown Source)
	at java.lang.reflect.Method.invoke(Unknown Source)
	at sun.reflect.misc.Trampoline.invoke(Unknown Source)
	at sun.reflect.GeneratedMethodAccessor1.invoke(Unknown Source)
	at sun.reflect.DelegatingMethodAccessorImpl.invoke(Unknown Source)
	at java.lang.reflect.Method.invoke(Unknown Source)
	at sun.reflect.misc.MethodUtil.invoke(Unknown Source)
	at javafx.fxml.FXMLLoader$MethodHandler.invoke(FXMLLoader.java:1771)
	at javafx.fxml.FXMLLoader$ControllerMethodEventHandler.handle(FXMLLoader.java:1657)
	at com.sun.javafx.event.CompositeEventHandler.dispatchBubblingEvent(CompositeEventHandler.java:86)
	at com.sun.javafx.event.EventHandlerManager.dispatchBubblingEvent(EventHandlerManager.java:238)
	at com.sun.javafx.event.EventHandlerManager.dispatchBubblingEvent(EventHandlerManager.java:191)
	at com.sun.javafx.event.CompositeEventDispatcher.dispatchBubblingEvent(CompositeEventDispatcher.java:59)
	at com.sun.javafx.event.BasicEventDispatcher.dispatchEvent(BasicEventDispatcher.java:58)
	at com.sun.javafx.event.EventDispatchChainImpl.dispatchEvent(EventDispatchChainImpl.java:114)
	at com.sun.javafx.event.BasicEventDispatcher.dispatchEvent(BasicEventDispatcher.java:56)
	at com.sun.javafx.event.EventDispatchChainImpl.dispatchEvent(EventDispatchChainImpl.java:114)
	at com.sun.javafx.event.BasicEventDispatcher.dispatchEvent(BasicEventDispatcher.java:56)
	at com.sun.javafx.event.EventDispatchChainImpl.dispatchEvent(EventDispatchChainImpl.java:114)
	at com.sun.javafx.event.EventUtil.fireEventImpl(EventUtil.java:74)
	at com.sun.javafx.event.EventUtil.fireEvent(EventUtil.java:54)
	at javafx.event.Event.fireEvent(Event.java:198)
	at javafx.scene.Scene$ClickGenerator.postProcess(Scene.java:3470)
	at javafx.scene.Scene$ClickGenerator.access$8100(Scene.java:3398)
	at javafx.scene.Scene$MouseHandler.process(Scene.java:3766)
	at javafx.scene.Scene$MouseHandler.access$1500(Scene.java:3485)
	at javafx.scene.Scene.impl_processMouseEvent(Scene.java:1762)
	at javafx.scene.Scene$ScenePeerListener.mouseEvent(Scene.java:2494)
	at com.sun.javafx.tk.quantum.GlassViewEventHandler$MouseEventNotification.run(GlassViewEventHandler.java:381)
	at com.sun.javafx.tk.quantum.GlassViewEventHandler$MouseEventNotification.run(GlassViewEventHandler.java:295)
	at java.security.AccessController.doPrivileged(Native Method)
	at com.sun.javafx.tk.quantum.GlassViewEventHandler.lambda$handleMouseEvent$354(GlassViewEventHandler.java:417)
	at com.sun.javafx.tk.quantum.QuantumToolkit.runWithoutRenderLock(QuantumToolkit.java:389)
	at com.sun.javafx.tk.quantum.GlassViewEventHandler.handleMouseEvent(GlassViewEventHandler.java:416)
	at com.sun.glass.ui.View.handleMouseEvent(View.java:555)
	at com.sun.glass.ui.View.notifyMouse(View.java:937)
	at com.sun.glass.ui.win.WinApplication._runLoop(Native Method)
	at com.sun.glass.ui.win.WinApplication.lambda$null$148(WinApplication.java:191)
	at java.lang.Thread.run(Unknown Source)
Caused by: java.lang.IllegalArgumentException: Invalid URL: Invalid URL or resource not found
	at javafx.scene.image.Image.validateUrl(Image.java:1118)
	at javafx.scene.image.Image.<init>(Image.java:693)
	at com.sun.javafx.fxml.builder.JavaFXImageBuilder.build(JavaFXImageBuilder.java:47)
	at com.sun.javafx.fxml.builder.JavaFXImageBuilder.build(JavaFXImageBuilder.java:37)
	at javafx.fxml.FXMLLoader$ValueElement.processEndElement(FXMLLoader.java:763)
	at javafx.fxml.FXMLLoader.processEndElement(FXMLLoader.java:2823)
	at javafx.fxml.FXMLLoader.loadImpl(FXMLLoader.java:2532)
	... 45 more
Caused by: java.lang.IllegalArgumentException: Invalid URL or resource not found
	at javafx.scene.image.Image.validateUrl(Image.java:1110)
	... 51 more

30/07/2017 18:56:32 Debug ** 

************************* Start SIRME *************************
30/07/2017 18:56:34 Debug ** Connection BD SUCESS
30/07/2017 19:02:02 Debug ** 

************************* Start SIRME *************************
30/07/2017 19:02:04 Debug ** Connection BD SUCESS
30/07/2017 19:02:06 Error ** javafx.fxml.LoadException: 
/C:/Users/felip/Google%20Drive/Ideias/Sistema%20Cadastro%20Convidas/projeto/ConvidasFrontEnd/bin/front/xml/contact/consultContact.fxml:80

	at javafx.fxml.FXMLLoader.constructLoadException(FXMLLoader.java:2601)
	at javafx.fxml.FXMLLoader.loadImpl(FXMLLoader.java:2579)
	at javafx.fxml.FXMLLoader.loadImpl(FXMLLoader.java:2441)
	at javafx.fxml.FXMLLoader.load(FXMLLoader.java:2409)
	at br.convidas.front.contact.TelaContacts.start(TelaContacts.java:22)
	at br.convidas.front.main.controller.ControllerMain.clickButtonContact(ControllerMain.java:13)
	at sun.reflect.NativeMethodAccessorImpl.invoke0(Native Method)
	at sun.reflect.NativeMethodAccessorImpl.invoke(Unknown Source)
	at sun.reflect.DelegatingMethodAccessorImpl.invoke(Unknown Source)
	at java.lang.reflect.Method.invoke(Unknown Source)
	at sun.reflect.misc.Trampoline.invoke(Unknown Source)
	at sun.reflect.GeneratedMethodAccessor1.invoke(Unknown Source)
	at sun.reflect.DelegatingMethodAccessorImpl.invoke(Unknown Source)
	at java.lang.reflect.Method.invoke(Unknown Source)
	at sun.reflect.misc.MethodUtil.invoke(Unknown Source)
	at javafx.fxml.FXMLLoader$MethodHandler.invoke(FXMLLoader.java:1771)
	at javafx.fxml.FXMLLoader$ControllerMethodEventHandler.handle(FXMLLoader.java:1657)
	at com.sun.javafx.event.CompositeEventHandler.dispatchBubblingEvent(CompositeEventHandler.java:86)
	at com.sun.javafx.event.EventHandlerManager.dispatchBubblingEvent(EventHandlerManager.java:238)
	at com.sun.javafx.event.EventHandlerManager.dispatchBubblingEvent(EventHandlerManager.java:191)
	at com.sun.javafx.event.CompositeEventDispatcher.dispatchBubblingEvent(CompositeEventDispatcher.java:59)
	at com.sun.javafx.event.BasicEventDispatcher.dispatchEvent(BasicEventDispatcher.java:58)
	at com.sun.javafx.event.EventDispatchChainImpl.dispatchEvent(EventDispatchChainImpl.java:114)
	at com.sun.javafx.event.BasicEventDispatcher.dispatchEvent(BasicEventDispatcher.java:56)
	at com.sun.javafx.event.EventDispatchChainImpl.dispatchEvent(EventDispatchChainImpl.java:114)
	at com.sun.javafx.event.BasicEventDispatcher.dispatchEvent(BasicEventDispatcher.java:56)
	at com.sun.javafx.event.EventDispatchChainImpl.dispatchEvent(EventDispatchChainImpl.java:114)
	at com.sun.javafx.event.EventUtil.fireEventImpl(EventUtil.java:74)
	at com.sun.javafx.event.EventUtil.fireEvent(EventUtil.java:54)
	at javafx.event.Event.fireEvent(Event.java:198)
	at javafx.scene.Scene$ClickGenerator.postProcess(Scene.java:3470)
	at javafx.scene.Scene$ClickGenerator.access$8100(Scene.java:3398)
	at javafx.scene.Scene$MouseHandler.process(Scene.java:3766)
	at javafx.scene.Scene$MouseHandler.access$1500(Scene.java:3485)
	at javafx.scene.Scene.impl_processMouseEvent(Scene.java:1762)
	at javafx.scene.Scene$ScenePeerListener.mouseEvent(Scene.java:2494)
	at com.sun.javafx.tk.quantum.GlassViewEventHandler$MouseEventNotification.run(GlassViewEventHandler.java:381)
	at com.sun.javafx.tk.quantum.GlassViewEventHandler$MouseEventNotification.run(GlassViewEventHandler.java:295)
	at java.security.AccessController.doPrivileged(Native Method)
	at com.sun.javafx.tk.quantum.GlassViewEventHandler.lambda$handleMouseEvent$354(GlassViewEventHandler.java:417)
	at com.sun.javafx.tk.quantum.QuantumToolkit.runWithoutRenderLock(QuantumToolkit.java:389)
	at com.sun.javafx.tk.quantum.GlassViewEventHandler.handleMouseEvent(GlassViewEventHandler.java:416)
	at com.sun.glass.ui.View.handleMouseEvent(View.java:555)
	at com.sun.glass.ui.View.notifyMouse(View.java:937)
	at com.sun.glass.ui.win.WinApplication._runLoop(Native Method)
	at com.sun.glass.ui.win.WinApplication.lambda$null$148(WinApplication.java:191)
	at java.lang.Thread.run(Unknown Source)
Caused by: java.lang.IllegalArgumentException: Can not set javafx.scene.control.Button field br.convidas.front.contact.controller.ControllerContacts.paneSelect to javafx.scene.layout.Pane
	at sun.reflect.UnsafeFieldAccessorImpl.throwSetIllegalArgumentException(Unknown Source)
	at sun.reflect.UnsafeFieldAccessorImpl.throwSetIllegalArgumentException(Unknown Source)
	at sun.reflect.UnsafeObjectFieldAccessorImpl.set(Unknown Source)
	at java.lang.reflect.Field.set(Unknown Source)
	at javafx.fxml.FXMLLoader.injectFields(FXMLLoader.java:1163)
	at javafx.fxml.FXMLLoader.access$1600(FXMLLoader.java:103)
	at javafx.fxml.FXMLLoader$ValueElement.processValue(FXMLLoader.java:857)
	at javafx.fxml.FXMLLoader$ValueElement.processStartElement(FXMLLoader.java:751)
	at javafx.fxml.FXMLLoader.processStartElement(FXMLLoader.java:2707)
	at javafx.fxml.FXMLLoader.loadImpl(FXMLLoader.java:2527)
	... 45 more

30/07/2017 19:02:48 Debug ** 

************************* Start SIRME *************************
30/07/2017 19:02:51 Debug ** Connection BD SUCESS
30/07/2017 19:05:30 Debug ** 

************************* Start SIRME *************************
30/07/2017 19:05:32 Debug ** Connection BD SUCESS
30/07/2017 19:05:58 Debug ** 

************************* Start SIRME *************************
30/07/2017 19:06:01 Debug ** Connection BD SUCESS
30/07/2017 19:06:18 Debug ** 

************************* Start SIRME *************************
30/07/2017 19:06:20 Debug ** Connection BD SUCESS
30/07/2017 19:07:46 Debug ** 

************************* Start SIRME *************************
30/07/2017 19:07:49 Debug ** Connection BD SUCESS
30/07/2017 19:08:22 Debug ** 

************************* Start SIRME *************************
30/07/2017 19:08:24 Debug ** Connection BD SUCESS
30/07/2017 19:10:29 Debug ** 

************************* Start SIRME *************************
30/07/2017 19:10:31 Debug ** Connection BD SUCESS
30/07/2017 19:10:51 Debug ** 

************************* Start SIRME *************************
30/07/2017 19:10:53 Debug ** Connection BD SUCESS
