18/08/2017 19:50:53 Debug ** 

************************* Start SIRME *************************
18/08/2017 19:50:59 Debug ** Connection BD SUCESS
18/08/2017 19:51:42 Error ** java.lang.NullPointerException
	at br.convidas.front.contact.ocorrency.controller.ControllerOcorrencys.setPessoaFisica(ControllerOcorrencys.java:270)
	at br.convidas.front.contact.ocorrency.TelaOcorrencys.start(TelaOcorrencys.java:33)
	at br.convidas.front.contact.controller.ControllerConsultModalPJ.clickOcorrencys(ControllerConsultModalPJ.java:37)
	at sun.reflect.NativeMethodAccessorImpl.invoke0(Native Method)
	at sun.reflect.NativeMethodAccessorImpl.invoke(Unknown Source)
	at sun.reflect.DelegatingMethodAccessorImpl.invoke(Unknown Source)
	at java.lang.reflect.Method.invoke(Unknown Source)
	at sun.reflect.misc.Trampoline.invoke(Unknown Source)
	at sun.reflect.GeneratedMethodAccessor1.invoke(Unknown Source)
	at sun.reflect.DelegatingMethodAccessorImpl.invoke(Unknown Source)
	at java.lang.reflect.Method.invoke(Unknown Source)
	at sun.reflect.misc.MethodUtil.invoke(Unknown Source)
	at javafx.fxml.FXMLLoader$MethodHandler.invoke(FXMLLoader.java:1771)
	at javafx.fxml.FXMLLoader$ControllerMethodEventHandler.handle(FXMLLoader.java:1657)
	at com.sun.javafx.event.CompositeEventHandler.dispatchBubblingEvent(CompositeEventHandler.java:86)
	at com.sun.javafx.event.EventHandlerManager.dispatchBubblingEvent(EventHandlerManager.java:238)
	at com.sun.javafx.event.EventHandlerManager.dispatchBubblingEvent(EventHandlerManager.java:191)
	at com.sun.javafx.event.CompositeEventDispatcher.dispatchBubblingEvent(CompositeEventDispatcher.java:59)
	at com.sun.javafx.event.BasicEventDispatcher.dispatchEvent(BasicEventDispatcher.java:58)
	at com.sun.javafx.event.EventDispatchChainImpl.dispatchEvent(EventDispatchChainImpl.java:114)
	at com.sun.javafx.event.BasicEventDispatcher.dispatchEvent(BasicEventDispatcher.java:56)
	at com.sun.javafx.event.EventDispatchChainImpl.dispatchEvent(EventDispatchChainImpl.java:114)
	at com.sun.javafx.event.BasicEventDispatcher.dispatchEvent(BasicEventDispatcher.java:56)
	at com.sun.javafx.event.EventDispatchChainImpl.dispatchEvent(EventDispatchChainImpl.java:114)
	at com.sun.javafx.event.EventUtil.fireEventImpl(EventUtil.java:74)
	at com.sun.javafx.event.EventUtil.fireEvent(EventUtil.java:54)
	at javafx.event.Event.fireEvent(Event.java:198)
	at javafx.scene.Scene$ClickGenerator.postProcess(Scene.java:3470)
	at javafx.scene.Scene$ClickGenerator.access$8100(Scene.java:3398)
	at javafx.scene.Scene$MouseHandler.process(Scene.java:3766)
	at javafx.scene.Scene$MouseHandler.access$1500(Scene.java:3485)
	at javafx.scene.Scene.impl_processMouseEvent(Scene.java:1762)
	at javafx.scene.Scene$ScenePeerListener.mouseEvent(Scene.java:2494)
	at com.sun.javafx.tk.quantum.GlassViewEventHandler$MouseEventNotification.run(GlassViewEventHandler.java:381)
	at com.sun.javafx.tk.quantum.GlassViewEventHandler$MouseEventNotification.run(GlassViewEventHandler.java:295)
	at java.security.AccessController.doPrivileged(Native Method)
	at com.sun.javafx.tk.quantum.GlassViewEventHandler.lambda$handleMouseEvent$354(GlassViewEventHandler.java:417)
	at com.sun.javafx.tk.quantum.QuantumToolkit.runWithoutRenderLock(QuantumToolkit.java:389)
	at com.sun.javafx.tk.quantum.GlassViewEventHandler.handleMouseEvent(GlassViewEventHandler.java:416)
	at com.sun.glass.ui.View.handleMouseEvent(View.java:555)
	at com.sun.glass.ui.View.notifyMouse(View.java:937)
	at com.sun.glass.ui.win.WinApplication._runLoop(Native Method)
	at com.sun.glass.ui.win.WinApplication.lambda$null$148(WinApplication.java:191)
	at java.lang.Thread.run(Unknown Source)

18/08/2017 19:58:14 Debug ** 

************************* Start SIRME *************************
18/08/2017 19:58:16 Debug ** Connection BD SUCESS
18/08/2017 21:03:35 Debug ** 

************************* Start SIRME *************************
18/08/2017 21:03:38 Debug ** Connection BD SUCESS
18/08/2017 21:05:03 Debug ** 

************************* Start SIRME *************************
18/08/2017 21:05:05 Debug ** Connection BD SUCESS
18/08/2017 21:05:13 Error ** erro ao obter OcorrencyPF no banco: java.lang.NullPointerException
18/08/2017 21:05:13 Error ** erro ao obter OcorrencyPF no banco: java.lang.NullPointerException
18/08/2017 21:05:13 Error ** java.lang.NullPointerException
	at br.convidas.front.contact.ocorrency.controller.ControllerOcorrencys.updateTablePF(ControllerOcorrencys.java:144)
	at br.convidas.front.contact.ocorrency.controller.ControllerOcorrencys.setOcorrencyPFs(ControllerOcorrencys.java:333)
	at br.convidas.front.contact.ocorrency.controller.ControllerOcorrencys.setPessoaJuridica(ControllerOcorrencys.java:344)
	at br.convidas.front.contact.ocorrency.TelaOcorrencys.start(TelaOcorrencys.java:34)
	at br.convidas.front.contact.controller.ControllerConsultModalPJ.clickOcorrencys(ControllerConsultModalPJ.java:37)
	at sun.reflect.NativeMethodAccessorImpl.invoke0(Native Method)
	at sun.reflect.NativeMethodAccessorImpl.invoke(Unknown Source)
	at sun.reflect.DelegatingMethodAccessorImpl.invoke(Unknown Source)
	at java.lang.reflect.Method.invoke(Unknown Source)
	at sun.reflect.misc.Trampoline.invoke(Unknown Source)
	at sun.reflect.GeneratedMethodAccessor1.invoke(Unknown Source)
	at sun.reflect.DelegatingMethodAccessorImpl.invoke(Unknown Source)
	at java.lang.reflect.Method.invoke(Unknown Source)
	at sun.reflect.misc.MethodUtil.invoke(Unknown Source)
	at javafx.fxml.FXMLLoader$MethodHandler.invoke(FXMLLoader.java:1771)
	at javafx.fxml.FXMLLoader$ControllerMethodEventHandler.handle(FXMLLoader.java:1657)
	at com.sun.javafx.event.CompositeEventHandler.dispatchBubblingEvent(CompositeEventHandler.java:86)
	at com.sun.javafx.event.EventHandlerManager.dispatchBubblingEvent(EventHandlerManager.java:238)
	at com.sun.javafx.event.EventHandlerManager.dispatchBubblingEvent(EventHandlerManager.java:191)
	at com.sun.javafx.event.CompositeEventDispatcher.dispatchBubblingEvent(CompositeEventDispatcher.java:59)
	at com.sun.javafx.event.BasicEventDispatcher.dispatchEvent(BasicEventDispatcher.java:58)
	at com.sun.javafx.event.EventDispatchChainImpl.dispatchEvent(EventDispatchChainImpl.java:114)
	at com.sun.javafx.event.BasicEventDispatcher.dispatchEvent(BasicEventDispatcher.java:56)
	at com.sun.javafx.event.EventDispatchChainImpl.dispatchEvent(EventDispatchChainImpl.java:114)
	at com.sun.javafx.event.BasicEventDispatcher.dispatchEvent(BasicEventDispatcher.java:56)
	at com.sun.javafx.event.EventDispatchChainImpl.dispatchEvent(EventDispatchChainImpl.java:114)
	at com.sun.javafx.event.EventUtil.fireEventImpl(EventUtil.java:74)
	at com.sun.javafx.event.EventUtil.fireEvent(EventUtil.java:54)
	at javafx.event.Event.fireEvent(Event.java:198)
	at javafx.scene.Scene$ClickGenerator.postProcess(Scene.java:3470)
	at javafx.scene.Scene$ClickGenerator.access$8100(Scene.java:3398)
	at javafx.scene.Scene$MouseHandler.process(Scene.java:3766)
	at javafx.scene.Scene$MouseHandler.access$1500(Scene.java:3485)
	at javafx.scene.Scene.impl_processMouseEvent(Scene.java:1762)
	at javafx.scene.Scene$ScenePeerListener.mouseEvent(Scene.java:2494)
	at com.sun.javafx.tk.quantum.GlassViewEventHandler$MouseEventNotification.run(GlassViewEventHandler.java:381)
	at com.sun.javafx.tk.quantum.GlassViewEventHandler$MouseEventNotification.run(GlassViewEventHandler.java:295)
	at java.security.AccessController.doPrivileged(Native Method)
	at com.sun.javafx.tk.quantum.GlassViewEventHandler.lambda$handleMouseEvent$354(GlassViewEventHandler.java:417)
	at com.sun.javafx.tk.quantum.QuantumToolkit.runWithoutRenderLock(QuantumToolkit.java:389)
	at com.sun.javafx.tk.quantum.GlassViewEventHandler.handleMouseEvent(GlassViewEventHandler.java:416)
	at com.sun.glass.ui.View.handleMouseEvent(View.java:555)
	at com.sun.glass.ui.View.notifyMouse(View.java:937)
	at com.sun.glass.ui.win.WinApplication._runLoop(Native Method)
	at com.sun.glass.ui.win.WinApplication.lambda$null$148(WinApplication.java:191)
	at java.lang.Thread.run(Unknown Source)

18/08/2017 21:06:28 Debug ** 

************************* Start SIRME *************************
18/08/2017 21:06:31 Debug ** Connection BD SUCESS
18/08/2017 21:06:43 Error ** erro ao obter OcorrencyPF no banco: java.lang.NullPointerException
18/08/2017 21:06:43 Error ** erro ao obter OcorrencyPF no banco: java.lang.NullPointerException
18/08/2017 21:07:46 Debug ** 

************************* Start SIRME *************************
18/08/2017 21:07:48 Debug ** Connection BD SUCESS
